SF:lib\screens\FirstTimeUser\new_field.dart
DA:10,1
DA:11,1
DA:16,1
DA:17,1
DA:22,1
DA:24,1
DA:25,1
DA:34,1
DA:36,1
DA:42,1
DA:43,1
DA:44,1
DA:45,1
DA:47,1
DA:48,1
DA:49,1
DA:50,1
DA:53,1
DA:54,1
DA:55,1
DA:59,1
DA:60,1
DA:61,1
DA:62,1
DA:64,1
DA:68,1
DA:69,1
DA:80,1
DA:85,1
DA:86,1
DA:89,1
DA:90,1
DA:91,1
DA:93,1
DA:103,1
DA:106,1
DA:108,1
DA:110,1
DA:111,1
DA:113,1
DA:120,1
DA:123,1
DA:125,1
DA:127,1
DA:128,1
DA:130,1
DA:137,1
DA:138,1
DA:140,1
DA:141,1
DA:142,1
DA:144,1
DA:147,1
DA:148,1
LF:54
LH:54
end_of_record
SF:lib\screens\models\field.dart
DA:10,1
DA:16,1
DA:17,1
DA:18,1
DA:19,1
DA:20,1
LF:6
LH:6
end_of_record
SF:lib\screens\FirstTimeUser\new_farm.dart
DA:9,1
DA:10,1
DA:15,1
DA:16,1
DA:21,1
DA:23,1
DA:24,1
DA:31,1
DA:33,1
DA:35,1
DA:36,1
DA:37,1
DA:38,1
DA:39,1
DA:40,1
DA:41,1
DA:44,1
DA:45,1
DA:46,1
DA:48,1
DA:49,1
DA:53,1
DA:54,1
DA:55,1
DA:56,1
DA:58,1
DA:62,1
DA:63,1
DA:73,1
DA:78,1
DA:79,1
DA:82,1
DA:83,1
DA:84,1
DA:86,1
DA:96,1
DA:99,1
DA:101,1
DA:103,1
DA:104,1
DA:106,1
DA:113,1
DA:116,1
DA:118,1
DA:119,1
DA:120,1
DA:122,1
DA:129,1
DA:130,1
DA:132,1
DA:133,1
DA:134,1
DA:135,1
DA:138,1
DA:142,1
DA:143,1
LF:56
LH:56
end_of_record
SF:lib\screens\models\farm.dart
DA:11,1
DA:17,1
DA:18,1
DA:19,1
DA:20,1
DA:21,1
LF:6
LH:6
end_of_record
SF:lib\screens\FirstTimeUser\new_sensor.dart
DA:9,1
DA:10,1
DA:15,1
DA:16,1
DA:21,1
DA:22,1
DA:27,1
DA:28,1
DA:33,1
DA:34,1
DA:40,1
DA:42,1
DA:43,1
DA:57,1
DA:59,1
DA:60,1
DA:61,1
DA:63,1
DA:64,1
DA:65,1
DA:66,1
DA:67,1
DA:70,1
DA:71,1
DA:72,1
DA:73,1
DA:74,1
DA:75,1
DA:76,1
DA:78,1
DA:87,1
DA:88,1
DA:89,1
DA:90,1
DA:92,1
DA:96,1
DA:97,1
DA:107,1
DA:112,1
DA:113,1
DA:116,1
DA:117,1
DA:118,1
DA:120,1
DA:130,1
DA:133,1
DA:135,1
DA:136,1
DA:137,1
DA:155,1
DA:163,1
DA:166,1
DA:168,1
DA:170,1
DA:171,1
DA:173,1
DA:180,1
DA:183,1
DA:185,1
DA:186,1
DA:187,1
DA:189,1
DA:196,1
DA:199,1
DA:201,1
DA:203,1
DA:204,1
DA:206,1
DA:213,1
DA:216,1
DA:219,1
DA:221,1
DA:222,1
DA:224,1
DA:231,1
DA:234,1
DA:236,1
DA:238,1
DA:239,1
DA:241,1
DA:248,1
DA:249,1
DA:251,1
DA:252,1
DA:253,1
DA:254,1
DA:255,1
DA:256,1
DA:257,1
DA:259,1
DA:261,1
DA:262,1
DA:263,1
LF:93
LH:93
end_of_record
SF:lib\screens\models\sensor.dart
DA:10,1
DA:21,1
DA:22,1
DA:23,1
DA:24,1
DA:25,1
DA:26,1
DA:27,1
DA:28,1
LF:9
LH:9
end_of_record
SF:lib\screens\Onboarding\signin.dart
DA:9,1
DA:10,1
DA:15,1
DA:16,1
DA:21,1
DA:23,1
DA:24,1
DA:31,1
DA:33,1
DA:35,1
DA:36,1
DA:37,1
DA:38,1
DA:39,1
DA:40,1
DA:41,1
DA:47,1
DA:49,1
DA:53,1
DA:54,1
DA:64,1
DA:69,1
DA:70,1
DA:73,1
DA:74,1
DA:75,1
DA:77,1
DA:88,1
DA:91,1
DA:93,1
DA:96,1
DA:97,1
DA:99,1
DA:106,1
DA:109,1
DA:111,1
DA:112,1
DA:113,1
DA:116,1
DA:125,1
DA:126,1
DA:128,1
DA:129,1
DA:130,1
DA:133,1
DA:134,1
DA:135,1
DA:137,1
DA:140,1
DA:141,1
DA:142,1
LF:51
LH:51
end_of_record
SF:lib\screens\models\user.dart
DA:8,1
DA:14,1
DA:15,1
DA:16,1
DA:17,1
DA:18,1
LF:6
LH:6
end_of_record
SF:lib\screens\Onboarding\widgets\countryselector.dart
DA:6,2
DA:8,1
DA:9,1
DA:13,1
DA:15,1
DA:16,1
DA:17,1
LF:7
LH:7
end_of_record
SF:lib\screens\Onboarding\verification.dart
DA:4,1
DA:5,1
DA:10,1
DA:12,1
DA:13,1
DA:20,1
DA:22,1
DA:23,1
DA:33,1
DA:38,1
DA:42,1
DA:43,1
DA:44,1
DA:46,1
DA:56,1
DA:60,1
DA:61,1
DA:63,1
DA:64,1
DA:65,1
DA:66,1
DA:69,1
DA:70,1
DA:80,1
DA:81,1
DA:83,1
DA:84,1
DA:85,1
DA:88,1
DA:89,1
DA:90,1
DA:92,1
DA:95,1
DA:96,1
DA:97,1
LF:35
LH:35
end_of_record
SF:lib\screens\Dashboard\FarmDashboard.dart
DA:9,2
DA:11,1
DA:12,1
DA:16,1
DA:18,1
DA:19,1
DA:24,1
DA:25,2
DA:26,1
DA:28,1
DA:29,1
DA:30,1
DA:31,1
DA:36,1
DA:37,1
DA:38,1
DA:39,1
DA:42,1
DA:49,1
DA:51,1
DA:52,1
DA:54,1
DA:58,1
DA:60,1
DA:61,1
DA:64,1
DA:68,1
DA:69,1
DA:74,1
DA:81,1
DA:83,1
DA:84,1
DA:85,1
DA:96,2
DA:97,1
DA:98,1
DA:99,1
DA:101,1
DA:103,1
DA:108,1
DA:112,1
DA:114,1
DA:115,1
DA:116,1
DA:127,1
DA:142,1
DA:151,1
DA:154,1
DA:157,1
DA:158,1
DA:160,1
DA:161,1
DA:162,1
DA:165,1
DA:166,1
DA:168,1
DA:184,1
DA:186,1
DA:189,1
DA:190,1
DA:191,1
DA:200,1
DA:201,1
DA:202,1
DA:203,1
DA:204,1
DA:207,1
DA:208,1
DA:210,1
DA:214,1
DA:219,1
DA:222,1
DA:223,1
DA:228,1
DA:232,1
DA:237,1
DA:238,1
DA:239,1
DA:240,1
LF:79
LH:79
end_of_record
SF:lib\main.dart
DA:17,1
DA:18,1
DA:22,2
DA:25,1
DA:27,1
DA:28,1
DA:29,1
DA:31,1
DA:32,2
DA:33,1
DA:35,1
DA:36,1
DA:37,1
DA:39,1
DA:40,1
DA:41,1
DA:43,1
DA:44,1
DA:45,1
DA:47,1
DA:48,1
DA:49,1
DA:51,1
DA:52,1
DA:53,1
DA:55,1
DA:56,1
DA:57,1
DA:59,1
DA:60,1
DA:61,1
DA:63,1
DA:64,1
DA:69,1
DA:71,1
DA:72,1
DA:73,1
DA:75,1
DA:76,1
DA:78,1
DA:81,1
DA:82,1
DA:85,1
DA:88,1
DA:89,1
DA:96,1
DA:98,1
DA:99,1
DA:104,1
DA:105,1
DA:106,1
DA:107,1
DA:110,1
LF:53
LH:53
end_of_record
SF:lib\screens\Dashboard\field.dart
DA:12,1
DA:14,1
DA:16,1
DA:20,1
DA:22,1
DA:23,1
DA:29,1
DA:30,1
DA:31,1
DA:33,1
DA:34,1
DA:35,1
DA:36,1
DA:41,1
DA:42,1
DA:43,1
DA:44,1
DA:47,1
DA:53,1
DA:54,1
DA:55,1
DA:57,1
DA:58,1
DA:59,1
DA:60,1
DA:65,1
DA:67,1
DA:75,1
DA:81,1
DA:82,1
DA:83,1
DA:85,1
DA:86,1
DA:87,1
DA:88,1
DA:93,1
DA:95,1
DA:97,1
DA:110,1
DA:112,1
DA:113,1
DA:114,1
DA:115,1
DA:117,1
DA:121,1
DA:123,1
DA:124,1
DA:127,1
DA:131,1
DA:132,1
DA:137,1
DA:147,1
DA:148,1
DA:149,1
DA:150,1
DA:162,1
DA:164,1
DA:165,1
DA:167,1
DA:168,1
DA:169,1
DA:174,1
DA:183,1
DA:185,1
DA:187,1
DA:188,1
DA:190,1
DA:191,1
DA:192,1
DA:193,1
DA:196,1
DA:197,1
DA:209,1
DA:210,1
DA:211,1
DA:212,1
DA:231,1
DA:233,1
DA:251,1
DA:255,1
DA:257,1
DA:266,1
DA:268,1
DA:271,1
DA:272,1
DA:294,1
DA:316,1
DA:341,1
DA:353,1
DA:361,1
DA:362,1
DA:363,1
DA:365,1
DA:374,1
DA:375,1
DA:376,1
DA:381,1
DA:382,1
DA:383,1
DA:385,1
DA:386,1
DA:395,1
DA:396,1
DA:397,1
DA:406,1
DA:407,1
DA:408,1
DA:412,1
DA:414,1
DA:420,1
DA:421,1
DA:422,1
DA:424,1
DA:429,1
DA:430,1
DA:432,1
DA:434,1
DA:438,1
DA:441,1
DA:442,1
DA:447,1
DA:452,1
DA:453,1
DA:455,1
DA:456,1
DA:458,1
DA:459,1
DA:462,1
DA:463,1
DA:484,1
DA:486,1
DA:487,1
DA:488,1
DA:490,1
DA:516,1
DA:523,1
DA:540,1
DA:548,1
DA:549,1
DA:550,1
DA:552,1
DA:569,1
DA:571,1
DA:581,1
DA:586,1
DA:588,1
DA:589,1
DA:590,1
DA:591,1
DA:596,1
DA:603,1
DA:604,1
DA:605,1
DA:619,1
DA:621,1
DA:623,1
DA:624,1
DA:642,1
DA:660,1
DA:678,1
DA:696,1
DA:714,1
DA:734,1
DA:735,1
DA:737,1
DA:745,1
DA:746,1
DA:747,1
DA:748,1
DA:749,1
DA:754,1
DA:759,1
DA:760,1
DA:763,1
DA:764,1
DA:765,1
DA:767,1
DA:768,1
DA:771,1
DA:777,1
DA:778,1
DA:779,1
DA:782,1
DA:784,1
DA:786,1
DA:788,1
DA:790,1
DA:797,1
DA:798,1
DA:801,1
DA:807,1
DA:808,1
DA:809,1
DA:811,1
DA:813,1
DA:815,1
DA:817,1
DA:819,1
DA:831,1
DA:832,1
DA:833,1
DA:834,1
DA:836,1
DA:852,1
DA:856,1
DA:873,1
DA:891,1
DA:895,1
DA:912,1
DA:923,1
DA:930,1
DA:934,1
DA:962,1
DA:963,1
DA:964,1
DA:978,1
DA:980,1
DA:982,1
DA:983,1
DA:1001,1
DA:1019,1
DA:1037,1
DA:1055,1
DA:1073,1
DA:1093,1
DA:1094,1
DA:1096,1
DA:1104,1
DA:1105,1
DA:1106,1
DA:1107,1
DA:1108,1
DA:1113,1
DA:1118,1
DA:1119,1
DA:1122,1
DA:1123,1
DA:1124,1
DA:1126,1
DA:1127,1
DA:1128,1
DA:1129,1
DA:1132,1
DA:1138,1
DA:1139,1
DA:1140,1
DA:1142,1
DA:1144,1
DA:1146,1
DA:1148,1
DA:1150,1
DA:1162,1
DA:1163,1
DA:1164,1
DA:1165,1
DA:1167,1
DA:1183,1
DA:1187,1
DA:1213,1
DA:1214,1
DA:1215,1
DA:1216,1
DA:1217,1
DA:1218,1
DA:1221,1
LF:265
LH:265
end_of_record
SF:lib\screens\Dashboard\profile.dart
DA:7,1
DA:12,1
DA:13,1
DA:17,1
DA:19,1
DA:20,1
DA:21,1
DA:22,1
DA:35,1
DA:36,1
DA:37,1
DA:38,1
DA:42,1
DA:43,1
DA:44,1
DA:66,1
DA:68,1
DA:78,1
DA:80,1
DA:81,1
DA:122,1
DA:124,1
DA:125,1
DA:129,1
DA:131,1
DA:135,1
LF:26
LH:26
end_of_record
SF:lib\screens\Home\home.dart
DA:8,1
DA:10,0
DA:11,0
DA:15,0
DA:17,0
DA:18,0
DA:21,0
DA:22,0
DA:23,0
DA:24,0
DA:28,0
DA:29,0
DA:30,0
DA:31,0
DA:36,0
DA:37,0
DA:39,0
DA:40,0
DA:42,0
DA:53,0
DA:59,0
DA:61,0
DA:62,0
DA:64,0
DA:68,0
DA:70,0
DA:71,0
DA:74,0
DA:78,0
DA:79,0
DA:84,0
DA:86,0
DA:87,0
DA:88,0
DA:102,0
DA:104,0
DA:118,0
DA:125,0
DA:126,0
DA:130,0
LF:40
LH:1
end_of_record
SF:lib\screens\Home\sensorHome.dart
DA:9,1
DA:11,0
DA:12,0
DA:19,0
DA:21,0
DA:22,0
DA:25,0
DA:26,0
DA:27,0
DA:28,0
DA:30,0
DA:31,0
DA:32,0
DA:33,0
DA:38,0
DA:39,0
DA:40,0
DA:41,0
DA:44,0
DA:50,0
DA:52,0
DA:53,0
DA:55,0
DA:59,0
DA:61,0
DA:62,0
DA:65,0
DA:69,0
DA:70,0
DA:75,0
DA:77,0
DA:78,0
DA:79,0
DA:93,0
DA:95,0
DA:96,0
DA:98,0
DA:103,0
DA:107,0
DA:109,0
DA:110,0
DA:111,0
DA:118,0
DA:155,0
DA:162,0
DA:163,0
DA:167,0
DA:168,0
LF:48
LH:1
end_of_record
SF:lib\screens\Onboarding\landingpage.dart
DA:13,1
DA:15,1
DA:32,1
DA:50,1
DA:53,1
DA:55,1
DA:62,1
DA:63,1
DA:65,1
DA:66,1
DA:92,1
DA:94,1
DA:95,1
DA:96,1
DA:98,1
DA:100,1
DA:101,1
DA:103,1
DA:107,1
DA:121,0
DA:122,0
DA:126,1
DA:127,1
DA:128,1
DA:130,1
DA:133,1
DA:134,0
DA:135,0
LF:28
LH:24
end_of_record
SF:lib\screens\Onboarding\login.dart
DA:10,0
DA:11,0
DA:16,1
DA:18,0
DA:19,0
DA:23,0
DA:25,0
DA:26,0
DA:29,0
DA:30,0
DA:31,0
DA:32,0
DA:34,0
DA:41,0
DA:42,0
DA:43,0
DA:44,0
DA:48,0
DA:50,0
DA:55,0
DA:56,0
DA:57,0
DA:60,0
DA:63,0
DA:65,0
DA:71,0
DA:73,0
DA:74,0
DA:84,0
DA:89,0
DA:90,0
DA:93,0
DA:94,0
DA:95,0
DA:97,0
DA:107,0
DA:110,0
DA:115,0
DA:118,0
DA:119,0
DA:132,0
DA:140,0
DA:141,0
DA:143,0
DA:144,0
DA:145,0
DA:146,0
DA:149,0
DA:153,0
DA:154,0
LF:50
LH:1
end_of_record
SF:lib\screens\Onboarding\termspage.dart
DA:6,1
DA:8,0
DA:9,0
DA:20,0
DA:21,0
DA:22,0
DA:23,0
DA:24,0
DA:25,0
DA:28,0
DA:29,0
DA:30,0
DA:31,0
DA:32,0
DA:33,0
DA:37,0
DA:38,0
DA:39,0
DA:44,0
DA:45,0
DA:46,0
DA:51,0
DA:53,0
DA:54,0
DA:57,0
DA:59,0
DA:60,0
DA:61,0
DA:64,0
DA:66,0
DA:67,0
DA:77,0
DA:82,0
DA:83,0
DA:87,0
DA:88,0
DA:89,0
DA:90,0
DA:96,0
DA:97,0
DA:98,0
DA:101,0
DA:103,0
DA:104,0
DA:106,0
DA:108,0
DA:109,0
DA:110,0
LF:48
LH:1
end_of_record
SF:lib\screens\Home\field_home.dart
DA:10,1
DA:12,0
DA:13,0
DA:30,0
DA:32,0
DA:33,0
DA:36,0
DA:37,0
DA:38,0
DA:39,0
DA:41,0
DA:42,0
DA:43,0
DA:44,0
DA:49,0
DA:50,0
DA:51,0
DA:56,0
DA:62,0
DA:64,0
DA:65,0
DA:67,0
DA:71,0
DA:73,0
DA:74,0
DA:77,0
DA:81,0
DA:82,0
DA:87,0
DA:89,0
DA:90,0
DA:91,0
DA:105,0
DA:107,0
DA:108,0
DA:110,0
DA:112,0
DA:117,0
DA:121,0
DA:123,0
DA:124,0
DA:125,0
DA:132,0
DA:163,0
DA:170,0
DA:171,0
DA:175,0
DA:177,0
LF:48
LH:1
end_of_record
SF:lib\screens\Dashboard\Bar_chart\bar_chart_model.dart
DA:11,2
LF:1
LH:1
end_of_record
SF:lib\screens\Dashboard\Bar_chart\bar_titles.dart
DA:6,0
DA:8,0
DA:13,0
DA:14,0
DA:17,0
DA:19,0
DA:24,0
DA:27,0
DA:29,0
DA:33,0
DA:35,0
LF:11
LH:0
end_of_record
SF:lib\screens\Dashboard\Bar_chart\data.dart
DA:7,0
LF:1
LH:0
end_of_record
SF:lib\screens\Dashboard\Bar_chart\barchart_page.dart
DA:5,1
DA:7,0
DA:8,0
DA:10,0
DA:11,0
LF:5
LH:1
end_of_record
SF:lib\screens\Dashboard\Bar_chart\widget.dart
DA:9,1
DA:11,0
DA:12,0
DA:13,0
DA:14,0
DA:19,0
DA:20,0
DA:21,0
DA:22,0
DA:23,0
DA:24,0
DA:26,0
DA:27,0
DA:28,0
DA:29,0
DA:30,0
DA:31,0
DA:36,0
DA:42,0
DA:43,0
DA:45,0
DA:46,0
DA:47,0
DA:48,0
DA:49,0
DA:50,0
DA:51,0
DA:52,0
DA:53,0
DA:54,0
DA:67,0
LF:31
LH:1
end_of_record
SF:lib\screens\Dashboard\Bar_chart\snow_data.dart
DA:7,0
LF:1
LH:0
end_of_record
SF:lib\screens\Dashboard\Bar_chart\snow_page.dart
DA:5,1
DA:7,0
DA:8,0
DA:10,0
DA:11,0
LF:5
LH:1
end_of_record
SF:lib\screens\Dashboard\Bar_chart\snow_widget.dart
DA:10,1
DA:12,0
DA:13,0
DA:14,0
DA:15,0
DA:20,0
DA:21,0
DA:22,0
DA:23,0
DA:24,0
DA:25,0
DA:27,0
DA:28,0
DA:29,0
DA:30,0
DA:31,0
DA:32,0
DA:37,0
DA:43,0
DA:44,0
DA:46,0
DA:47,0
DA:48,0
DA:49,0
DA:50,0
DA:51,0
DA:52,0
DA:53,0
DA:54,0
DA:55,0
DA:68,0
LF:31
LH:1
end_of_record
SF:lib\screens\Onboarding\widgets\termtext.dart
DA:5,1
DA:7,0
DA:9,0
DA:11,0
DA:24,0
DA:25,0
DA:40,0
DA:41,0
DA:56,0
DA:57,0
LF:10
LH:1
end_of_record
